2020-08-12 06:00:13.228 INFO  1. Page loaded 
2020-08-12 06:00:13.869 INFO  2. Selectors appeared 
2020-08-12 06:06:13.178 INFO  1. Page loaded 
2020-08-12 06:06:13.740 INFO  2. Selectors appeared 
2020-08-12 06:06:14.359 INFO  3. Found and clicked on size 
2020-08-12 06:09:50.606 INFO  1. Page loaded 
2020-08-12 06:09:51.282 INFO  2. Selectors appeared 
2020-08-12 06:09:51.901 INFO  3. Found and clicked on size 
2020-08-12 06:12:04.809 INFO  1. Page loaded 
2020-08-12 06:12:05.359 INFO  2. Selectors appeared 
2020-08-12 06:12:06.001 INFO  3. Found and clicked on size 
2020-08-12 06:12:06.546 INFO  4. Scrolled to add button 
2020-08-12 06:12:07.166 INFO  5. Clicked add button 
2020-08-12 06:17:03.478 INFO  1. Page loaded 
2020-08-12 06:17:04.036 INFO  2. Selectors appeared 
2020-08-12 06:17:04.634 INFO  3. Found and clicked on size 
2020-08-12 06:17:05.182 INFO  4. Scrolled to add button 
2020-08-12 06:17:06.301 INFO  5. Clicked add button 
2020-08-12 06:18:47.506 INFO  1. Page loaded 
2020-08-12 06:18:48.050 INFO  2. Selectors appeared 
2020-08-12 06:18:48.664 INFO  3. Found and clicked on size 
2020-08-12 06:18:49.214 INFO  4. Scrolled to add button 
2020-08-12 06:18:50.329 INFO  5. Clicked add button 
2020-08-12 06:20:06.641 INFO  1. Page loaded 
2020-08-12 06:20:07.229 INFO  2. Selectors appeared 
2020-08-12 06:20:07.838 INFO  3. Found and clicked on size 
2020-08-12 06:20:08.388 INFO  4. Scrolled to add button 
2020-08-12 06:20:09.509 INFO  5. Clicked add button 
2020-08-12 06:21:53.302 INFO  1. Page loaded 
2020-08-12 06:21:53.854 INFO  2. Selectors appeared 
2020-08-12 06:21:54.469 INFO  3. Found and clicked on size 
2020-08-12 06:21:55.015 INFO  4. Scrolled to add button 
2020-08-12 06:21:56.143 INFO  5. Clicked add button 
2020-08-12 06:22:32.403 INFO  1. Page loaded 
2020-08-12 06:22:32.975 INFO  2. Selectors appeared 
2020-08-12 06:22:33.604 INFO  3. Found and clicked on size 
2020-08-12 06:22:34.165 INFO  4. Scrolled to add button 
2020-08-12 06:22:35.275 INFO  5. Clicked add button 
2020-08-12 06:23:04.373 INFO  1. Page loaded 
2020-08-12 06:23:04.918 INFO  2. Selectors appeared 
2020-08-12 06:23:05.573 INFO  3. Found and clicked on size 
2020-08-12 06:23:06.122 INFO  4. Scrolled to add button 
2020-08-12 06:23:07.231 INFO  5. Clicked add button 
2020-08-12 06:24:01.267 INFO  1. Page loaded 
2020-08-12 06:24:01.817 INFO  2. Selectors appeared 
2020-08-12 06:24:02.419 INFO  3. Found and clicked on size 
2020-08-12 06:24:02.983 INFO  4. Scrolled to add button 
2020-08-12 06:24:04.108 INFO  5. Clicked add button 
2020-08-12 06:28:28.982 INFO  1. Page loaded 
2020-08-12 06:28:29.531 INFO  2. Selectors appeared 
2020-08-12 06:28:30.145 INFO  3. Found and clicked on size 
2020-08-12 06:28:30.687 INFO  4. Scrolled to add button 
2020-08-12 06:28:32.312 INFO  5. Clicked add button 
2020-08-12 06:29:01.425 INFO  1. Page loaded 
2020-08-12 06:29:01.987 INFO  2. Selectors appeared 
2020-08-12 06:29:02.611 INFO  3. Found and clicked on size 
2020-08-12 06:29:03.154 INFO  4. Scrolled to add button 
2020-08-12 06:29:05.291 INFO  5. Clicked add button 
2020-08-12 06:29:22.933 INFO  1. Page loaded 
2020-08-12 06:29:23.496 INFO  2. Selectors appeared 
2020-08-12 06:29:24.091 INFO  3. Found and clicked on size 
2020-08-12 06:29:24.635 INFO  4. Scrolled to add button 
2020-08-12 06:29:26.754 INFO  5. Clicked add button 
2020-08-12 06:30:06.012 INFO  1. Page loaded 
2020-08-12 06:30:06.569 INFO  2. Selectors appeared 
2020-08-12 06:30:07.171 INFO  3. Found and clicked on size 
2020-08-12 06:30:07.721 INFO  4. Scrolled to add button 
2020-08-12 06:30:10.834 INFO  5. Clicked add button 
2020-08-12 06:33:08.174 INFO  1. Page loaded 
2020-08-12 06:33:08.738 INFO  2. Selectors appeared 
2020-08-12 06:33:09.332 INFO  3. Found and clicked on size 
2020-08-12 06:33:09.927 INFO  4. Scrolled to add button 
2020-08-12 06:33:13.093 INFO  5. Clicked add button 
2020-08-12 06:33:40.806 INFO  1. Page loaded 
2020-08-12 06:33:41.356 INFO  2. Selectors appeared 
2020-08-12 06:33:42.017 INFO  3. Found and clicked on size 
2020-08-12 06:33:42.571 INFO  4. Scrolled to add button 
2020-08-12 06:33:45.687 INFO  5. Clicked add button 
2020-08-12 06:35:19.875 INFO  1. Page loaded 
2020-08-12 06:35:20.429 INFO  2. Selectors appeared 
2020-08-12 06:35:21.073 INFO  3. Found and clicked on size 
2020-08-12 06:35:21.617 INFO  4. Scrolled to add button 
2020-08-12 06:35:24.721 INFO  5. Clicked add button 
2020-08-12 06:36:07.290 INFO  1. Page loaded 
2020-08-12 06:36:07.865 INFO  2. Selectors appeared 
2020-08-12 06:36:08.571 INFO  3. Found and clicked on size 
2020-08-12 06:36:09.118 INFO  4. Scrolled to add button 
2020-08-12 06:36:14.881 INFO  5. Clicked add button 
2020-08-12 06:36:31.894 INFO  1. Page loaded 
2020-08-12 06:36:32.555 INFO  2. Selectors appeared 
2020-08-12 06:36:33.229 INFO  3. Found and clicked on size 
2020-08-12 06:36:33.842 INFO  4. Scrolled to add button 
2020-08-12 06:36:39.582 INFO  5. Clicked add button 
2020-08-12 06:37:11.282 INFO  1. Page loaded 
2020-08-12 06:37:11.830 INFO  2. Selectors appeared 
2020-08-12 06:37:12.471 INFO  3. Found and clicked on size 
2020-08-12 06:37:13.035 INFO  4. Scrolled to add button 
2020-08-12 06:37:18.674 INFO  5. Clicked add button 
2020-08-12 06:38:05.231 INFO  1. Page loaded 
2020-08-12 06:38:05.776 INFO  2. Selectors appeared 
2020-08-12 06:38:06.405 INFO  3. Found and clicked on size 
2020-08-12 06:38:06.947 INFO  4. Scrolled to add button 
2020-08-12 06:38:08.594 INFO  5. Clicked add button 
2020-08-12 06:38:44.027 INFO  1. Page loaded 
2020-08-12 06:38:44.581 INFO  2. Selectors appeared 
2020-08-12 06:38:45.233 INFO  3. Found and clicked on size 
2020-08-12 06:38:45.778 INFO  4. Scrolled to add button 
2020-08-12 06:38:49.400 INFO  5. Clicked add button 
2020-08-12 06:39:13.507 INFO  1. Page loaded 
2020-08-12 06:39:14.060 INFO  2. Selectors appeared 
2020-08-12 06:39:14.684 INFO  3. Found and clicked on size 
2020-08-12 06:39:15.231 INFO  4. Scrolled to add button 
2020-08-12 06:39:18.833 INFO  5. Clicked add button 
2020-08-12 06:40:46.040 INFO  1. Page loaded 
2020-08-12 06:40:46.588 INFO  2. Selectors appeared 
2020-08-12 06:40:47.211 INFO  3. Found and clicked on size 
2020-08-12 06:40:47.772 INFO  4. Scrolled to add button 
2020-08-12 06:40:51.373 INFO  5. Clicked add button 
2020-08-12 06:41:34.453 INFO  1. Page loaded 
2020-08-12 06:41:35.048 INFO  2. Selectors appeared 
2020-08-12 06:41:35.656 INFO  3. Found and clicked on size 
2020-08-12 06:41:36.222 INFO  4. Scrolled to add button 
2020-08-12 06:41:39.837 INFO  5. Clicked add button 
2020-08-12 06:43:38.922 INFO  1. Page loaded 
2020-08-12 06:43:39.615 INFO  2. Selectors appeared 
2020-08-12 06:43:40.230 INFO  3. Found and clicked on size 
2020-08-12 06:43:40.791 INFO  4. Scrolled to add button 
2020-08-12 06:43:44.479 INFO  5. Clicked add button 
2020-08-12 06:45:10.385 INFO  1. Page loaded 
2020-08-12 06:45:10.939 INFO  2. Selectors appeared 
2020-08-12 06:45:11.542 INFO  3. Found and clicked on size 
2020-08-12 06:45:12.091 INFO  4. Scrolled to add button 
2020-08-12 06:45:15.704 INFO  5. Clicked add button 
2020-08-12 06:47:06.507 INFO  1. Page loaded 
2020-08-12 06:47:07.070 INFO  2. Selectors appeared 
2020-08-12 06:47:07.679 INFO  3. Found and clicked on size 
2020-08-12 06:47:08.235 INFO  4. Scrolled to add button 
2020-08-12 06:47:11.849 INFO  5. Clicked add button 
2020-08-12 06:48:18.512 INFO  1. Page loaded 
2020-08-12 06:48:19.121 INFO  2. Selectors appeared 
2020-08-12 06:48:19.745 INFO  3. Found and clicked on size 
2020-08-12 06:48:20.303 INFO  4. Scrolled to add button 
2020-08-12 06:48:23.960 INFO  5. Clicked add button 
2020-08-12 07:04:10.356 INFO  1. Page loaded 
2020-08-12 07:04:10.904 INFO  2. Selectors appeared 
2020-08-12 07:04:11.555 INFO  3. Found and clicked on size 
2020-08-12 07:04:12.112 INFO  4. Scrolled to add button 
2020-08-12 07:04:12.766 INFO  5. Clicked add button 
2020-08-12 07:10:44.995 INFO  1. Page loaded 
2020-08-12 07:10:45.550 INFO  2. Selectors appeared 
2020-08-12 07:10:46.215 INFO  3. Found and clicked on size 
2020-08-12 07:10:46.762 INFO  4. Scrolled to add button 
2020-08-12 07:10:47.398 INFO  5. Clicked add button 
2020-08-12 07:11:36.148 INFO  1. Page loaded 
2020-08-12 07:11:36.707 INFO  2. Selectors appeared 
2020-08-12 07:11:37.323 INFO  3. Found and clicked on size 
2020-08-12 07:11:37.867 INFO  4. Scrolled to add button 
2020-08-12 07:11:38.493 INFO  5. Clicked add button 
2020-08-12 07:13:32.591 INFO  1. Page loaded 
2020-08-12 07:13:33.147 INFO  2. Selectors appeared 
2020-08-12 07:13:33.757 INFO  3. Found and clicked on size 
2020-08-12 07:13:34.377 INFO  4. Scrolled to add button 
2020-08-12 07:13:35.004 INFO  5. Clicked add button 
2020-08-12 07:14:19.393 INFO  1. Page loaded 
2020-08-12 07:14:19.947 INFO  2. Selectors appeared 
2020-08-12 07:14:20.578 INFO  3. Found and clicked on size 
2020-08-12 07:14:21.125 INFO  4. Scrolled to add button 
2020-08-12 07:14:21.772 INFO  5. Clicked add button 
2020-08-12 07:15:02.557 INFO  1. Page loaded 
2020-08-12 07:15:03.123 INFO  2. Selectors appeared 
2020-08-12 07:15:03.755 INFO  3. Found and clicked on size 
2020-08-12 07:15:04.313 INFO  4. Scrolled to add button 
2020-08-12 07:15:04.939 INFO  5. Clicked add button 
2020-08-12 07:16:23.532 INFO  1. Page loaded 
2020-08-12 07:16:24.096 INFO  2. Selectors appeared 
2020-08-12 07:16:24.707 INFO  3. Found and clicked on size 
2020-08-12 07:16:25.264 INFO  4. Scrolled to add button 
2020-08-12 07:16:25.871 INFO  5. Clicked add button 
2020-08-12 07:17:54.413 INFO  1. Page loaded 
2020-08-12 07:17:55.012 INFO  2. Selectors appeared 
2020-08-12 07:17:55.624 INFO  3. Found and clicked on size 
2020-08-12 07:17:56.172 INFO  4. Scrolled to add button 
2020-08-12 07:17:56.774 INFO  5. Clicked add button 
2020-08-12 07:24:24.644 INFO  1. Page loaded 
2020-08-12 07:24:25.197 INFO  2. Selectors appeared 
2020-08-12 07:24:25.825 INFO  3. Found and clicked on size 
2020-08-12 07:24:26.374 INFO  4. Scrolled to add button 
2020-08-12 07:24:27.009 INFO  5. Clicked add button 
2020-08-12 07:26:51.651 INFO  1. Page loaded 
2020-08-12 07:26:52.226 INFO  2. Selectors appeared 
2020-08-12 07:26:52.852 INFO  3. Found and clicked on size 
2020-08-12 07:26:53.400 INFO  4. Scrolled to add button 
2020-08-12 07:26:54.029 INFO  5. Clicked add button 
2020-08-12 07:27:38.018 INFO  1. Page loaded 
2020-08-12 07:27:38.579 INFO  2. Selectors appeared 
2020-08-12 07:27:39.207 INFO  3. Found and clicked on size 
2020-08-12 07:27:39.750 INFO  4. Scrolled to add button 
2020-08-12 07:27:40.357 INFO  5. Clicked add button 
2020-08-12 07:29:00.663 INFO  1. Page loaded 
2020-08-12 07:29:01.216 INFO  2. Selectors appeared 
2020-08-12 07:29:01.854 INFO  3. Found and clicked on size 
2020-08-12 07:29:02.398 INFO  4. Scrolled to add button 
2020-08-12 07:29:03.037 INFO  5. Clicked add button 
2020-08-12 07:30:12.805 INFO  1. Page loaded 
2020-08-12 07:30:13.385 INFO  2. Selectors appeared 
2020-08-12 07:30:13.996 INFO  3. Found and clicked on size 
2020-08-12 07:30:14.554 INFO  4. Scrolled to add button 
2020-08-12 07:30:15.191 INFO  5. Clicked add button 
2020-08-12 07:31:35.503 INFO  1. Page loaded 
2020-08-12 07:31:36.131 INFO  2. Selectors appeared 
2020-08-12 07:31:36.758 INFO  3. Found and clicked on size 
2020-08-12 07:31:37.404 INFO  4. Scrolled to add button 
2020-08-12 07:31:38.060 INFO  5. Clicked add button 
2020-08-12 07:32:57.149 INFO  1. Page loaded 
2020-08-12 07:32:57.733 INFO  2. Selectors appeared 
2020-08-12 07:32:58.344 INFO  3. Found and clicked on size 
2020-08-12 07:32:58.909 INFO  4. Scrolled to add button 
2020-08-12 07:32:59.514 INFO  5. Clicked add button 
2020-08-12 07:33:23.497 INFO  1. Page loaded 
2020-08-12 07:33:24.085 INFO  2. Selectors appeared 
2020-08-12 07:33:24.685 INFO  3. Found and clicked on size 
2020-08-12 07:33:25.252 INFO  4. Scrolled to add button 
2020-08-12 07:33:25.860 INFO  5. Clicked add button 
2020-08-12 07:33:58.172 INFO  1. Page loaded 
2020-08-12 07:33:58.810 INFO  2. Selectors appeared 
2020-08-12 07:33:59.428 INFO  3. Found and clicked on size 
2020-08-12 07:33:59.988 INFO  4. Scrolled to add button 
2020-08-12 07:34:00.627 INFO  5. Clicked add button 
2020-08-12 07:34:44.789 INFO  1. Page loaded 
2020-08-12 07:34:45.343 INFO  2. Selectors appeared 
2020-08-12 07:34:45.989 INFO  3. Found and clicked on size 
2020-08-12 07:34:46.548 INFO  4. Scrolled to add button 
2020-08-12 07:34:47.166 INFO  5. Clicked add button 
2020-08-12 07:35:24.866 INFO  1. Page loaded 
2020-08-12 07:35:25.433 INFO  2. Selectors appeared 
2020-08-12 07:35:26.047 INFO  3. Found and clicked on size 
2020-08-12 07:35:26.592 INFO  4. Scrolled to add button 
2020-08-12 07:35:27.237 INFO  5. Clicked add button 
2020-08-12 07:39:20.784 INFO  1. Page loaded 
2020-08-12 07:39:21.448 INFO  2. Selectors appeared 
2020-08-12 07:39:22.073 INFO  3. Found and clicked on size 
2020-08-12 07:39:22.631 INFO  4. Scrolled to add button 
2020-08-12 07:39:23.267 INFO  5. Clicked add button 
2020-08-12 07:40:47.863 INFO  1. Page loaded 
2020-08-12 07:40:48.416 INFO  2. Selectors appeared 
2020-08-12 07:40:49.099 INFO  3. Found and clicked on size 
2020-08-12 07:40:49.658 INFO  4. Scrolled to add button 
2020-08-12 07:40:50.299 INFO  5. Clicked add button 
2020-08-12 07:41:48.462 INFO  1. Page loaded 
2020-08-12 07:41:49.013 INFO  2. Selectors appeared 
2020-08-12 07:41:49.672 INFO  3. Found and clicked on size 
2020-08-12 07:41:50.227 INFO  4. Scrolled to add button 
2020-08-12 07:41:50.906 INFO  5. Clicked add button 
2020-08-12 07:43:09.349 INFO  1. Page loaded 
2020-08-12 07:43:09.923 INFO  2. Selectors appeared 
2020-08-12 07:43:10.589 INFO  3. Found and clicked on size 
2020-08-12 07:43:11.160 INFO  4. Scrolled to add button 
2020-08-12 07:43:11.787 INFO  5. Clicked add button 
2020-08-12 07:43:56.438 INFO  1. Page loaded 
2020-08-12 07:43:57.070 INFO  2. Selectors appeared 
2020-08-12 07:43:57.695 INFO  3. Found and clicked on size 
2020-08-12 07:43:58.248 INFO  4. Scrolled to add button 
2020-08-12 07:43:58.860 INFO  5. Clicked add button 
2020-08-12 07:44:28.622 INFO  1. Page loaded 
2020-08-12 07:44:29.200 INFO  2. Selectors appeared 
2020-08-12 07:44:29.812 INFO  3. Found and clicked on size 
2020-08-12 07:44:30.376 INFO  4. Scrolled to add button 
2020-08-12 07:44:31.016 INFO  5. Clicked add button 
2020-08-12 07:45:16.350 INFO  1. Page loaded 
2020-08-12 07:45:16.901 INFO  2. Selectors appeared 
2020-08-12 07:45:17.505 INFO  3. Found and clicked on size 
2020-08-12 07:45:18.047 INFO  4. Scrolled to add button 
2020-08-12 07:45:18.672 INFO  5. Clicked add button 
2020-08-12 07:48:06.997 INFO  1. Page loaded 
2020-08-12 07:48:07.632 INFO  2. Selectors appeared 
2020-08-12 07:48:08.250 INFO  3. Found and clicked on size 
2020-08-12 07:48:08.844 INFO  4. Scrolled to add button 
2020-08-12 07:48:09.453 INFO  5. Clicked add button 
2020-08-12 07:48:53.351 INFO  1. Page loaded 
2020-08-12 07:48:53.906 INFO  2. Selectors appeared 
2020-08-12 07:48:54.562 INFO  3. Found and clicked on size 
2020-08-12 07:48:55.114 INFO  4. Scrolled to add button 
2020-08-12 07:48:55.737 INFO  5. Clicked add button 
2020-08-12 07:52:13.027 INFO  1. Page loaded 
2020-08-12 07:52:13.590 INFO  2. Selectors appeared 
2020-08-12 07:52:14.252 INFO  3. Found and clicked on size 
2020-08-12 07:52:14.800 INFO  4. Scrolled to add button 
2020-08-12 07:52:15.430 INFO  5. Clicked add button 
2020-08-12 07:55:47.589 INFO  1. Page loaded 
2020-08-12 07:55:48.222 INFO  2. Selectors appeared 
2020-08-12 07:55:48.887 INFO  3. Found and clicked on size 
2020-08-12 07:55:49.449 INFO  4. Scrolled to add button 
2020-08-12 07:55:50.076 INFO  5. Clicked add button 
2020-08-12 07:56:50.162 INFO  1. Page loaded 
2020-08-12 07:56:50.732 INFO  2. Selectors appeared 
2020-08-12 07:56:51.353 INFO  3. Found and clicked on size 
2020-08-12 07:56:51.895 INFO  4. Scrolled to add button 
2020-08-12 07:56:52.540 INFO  5. Clicked add button 
2020-08-12 07:57:18.154 INFO  1. Page loaded 
2020-08-12 07:57:18.737 INFO  2. Selectors appeared 
2020-08-12 07:57:19.355 INFO  3. Found and clicked on size 
2020-08-12 07:57:19.902 INFO  4. Scrolled to add button 
2020-08-12 07:57:20.501 INFO  5. Clicked add button 
2020-08-12 07:58:05.325 INFO  1. Page loaded 
2020-08-12 07:58:05.898 INFO  2. Selectors appeared 
2020-08-12 07:58:06.508 INFO  3. Found and clicked on size 
2020-08-12 07:58:07.066 INFO  4. Scrolled to add button 
2020-08-12 07:58:07.693 INFO  5. Clicked add button 
2020-08-12 07:58:38.753 INFO  1. Page loaded 
2020-08-12 07:58:39.376 INFO  2. Selectors appeared 
2020-08-12 07:58:39.989 INFO  3. Found and clicked on size 
2020-08-12 07:58:40.534 INFO  4. Scrolled to add button 
2020-08-12 07:58:41.161 INFO  5. Clicked add button 
2020-08-12 07:59:46.200 INFO  1. Page loaded 
2020-08-12 07:59:46.826 INFO  2. Selectors appeared 
2020-08-12 07:59:47.483 INFO  3. Found and clicked on size 
2020-08-12 07:59:48.028 INFO  4. Scrolled to add button 
2020-08-12 07:59:48.687 INFO  5. Clicked add button 
2020-08-12 08:02:37.535 INFO  1. Page loaded 
2020-08-12 08:02:38.199 INFO  2. Selectors appeared 
2020-08-12 08:02:38.802 INFO  3. Found and clicked on size 
2020-08-12 08:02:39.344 INFO  4. Scrolled to add button 
2020-08-12 08:02:39.969 INFO  5. Clicked add button 
2020-08-12 08:04:26.842 INFO  1. Page loaded 
2020-08-12 08:04:27.521 INFO  2. Selectors appeared 
2020-08-12 08:04:28.174 INFO  3. Found and clicked on size 
2020-08-12 08:04:28.719 INFO  4. Scrolled to add button 
2020-08-12 08:04:29.353 INFO  5. Clicked add button 
2020-08-12 08:04:54.527 INFO  1. Page loaded 
2020-08-12 08:04:55.099 INFO  2. Selectors appeared 
2020-08-12 08:04:55.691 INFO  3. Found and clicked on size 
2020-08-12 08:04:56.233 INFO  4. Scrolled to add button 
2020-08-12 08:04:56.868 INFO  5. Clicked add button 
2020-08-12 08:05:39.701 INFO  1. Page loaded 
2020-08-12 08:05:40.250 INFO  2. Selectors appeared 
2020-08-12 08:05:40.893 INFO  3. Found and clicked on size 
2020-08-12 08:05:41.439 INFO  4. Scrolled to add button 
2020-08-12 08:05:42.055 INFO  5. Clicked add button 
2020-08-12 08:06:16.871 INFO  1. Page loaded 
2020-08-12 08:06:17.460 INFO  2. Selectors appeared 
2020-08-12 08:06:18.111 INFO  3. Found and clicked on size 
2020-08-12 08:06:18.661 INFO  4. Scrolled to add button 
2020-08-12 08:06:19.322 INFO  5. Clicked add button 
2020-08-12 08:07:10.006 INFO  1. Page loaded 
2020-08-12 08:07:10.561 INFO  2. Selectors appeared 
2020-08-12 08:07:11.170 INFO  3. Found and clicked on size 
2020-08-12 08:07:11.838 INFO  4. Scrolled to add button 
2020-08-12 08:07:12.506 INFO  5. Clicked add button 
2020-08-12 08:08:18.166 INFO  1. Page loaded 
2020-08-12 08:08:18.720 INFO  2. Selectors appeared 
2020-08-12 08:08:19.360 INFO  3. Found and clicked on size 
2020-08-12 08:08:19.904 INFO  4. Scrolled to add button 
2020-08-12 08:08:20.575 INFO  5. Clicked add button 
2020-08-12 08:11:15.268 INFO  1. Page loaded 
2020-08-12 08:11:15.832 INFO  2. Selectors appeared 
2020-08-12 08:11:16.463 INFO  3. Found and clicked on size 
2020-08-12 08:11:17.052 INFO  4. Scrolled to add button 
2020-08-12 08:11:17.697 INFO  5. Clicked add button 
2020-08-12 08:11:47.645 INFO  6. Logged in 
2020-08-12 08:12:09.371 INFO  1. Page loaded 
2020-08-12 08:12:09.926 INFO  2. Selectors appeared 
2020-08-12 08:12:10.599 INFO  3. Found and clicked on size 
2020-08-12 08:12:11.149 INFO  4. Scrolled to add button 
2020-08-12 08:12:11.773 INFO  5. Clicked add button 
2020-08-12 08:12:33.272 INFO  6. Logged in 
2020-08-12 08:13:40.364 INFO  1. Page loaded 
2020-08-12 08:13:40.932 INFO  2. Selectors appeared 
2020-08-12 08:13:41.585 INFO  3. Found and clicked on size 
2020-08-12 08:13:42.128 INFO  4. Scrolled to add button 
2020-08-12 08:13:42.742 INFO  5. Clicked add button 
2020-08-12 08:14:02.790 INFO  6. Logged in 
2020-08-12 08:16:21.712 INFO  1. Page loaded 
2020-08-12 08:16:22.277 INFO  2. Selectors appeared 
2020-08-12 08:16:22.923 INFO  3. Found and clicked on size 
2020-08-12 08:16:23.467 INFO  4. Scrolled to add button 
2020-08-12 08:16:24.087 INFO  5. Clicked add button 
2020-08-12 08:17:25.202 INFO  1. Page loaded 
2020-08-12 08:17:25.760 INFO  2. Selectors appeared 
2020-08-12 08:17:26.429 INFO  3. Found and clicked on size 
2020-08-12 08:17:27.002 INFO  4. Scrolled to add button 
2020-08-12 08:17:27.644 INFO  5. Clicked add button 
2020-08-12 08:17:44.287 INFO  6. Logged in 
2020-08-12 08:18:01.091 INFO  1. Page loaded 
2020-08-12 08:18:01.644 INFO  2. Selectors appeared 
2020-08-12 08:18:02.253 INFO  3. Found and clicked on size 
2020-08-12 08:18:02.809 INFO  4. Scrolled to add button 
2020-08-12 08:18:03.453 INFO  5. Clicked add button 
2020-08-12 08:19:40.898 INFO  1. Page loaded 
2020-08-12 08:19:41.507 INFO  2. Selectors appeared 
2020-08-12 08:19:42.127 INFO  3. Found and clicked on size 
2020-08-12 08:19:42.693 INFO  4. Scrolled to add button 
2020-08-12 08:19:43.373 INFO  5. Clicked add button 
2020-08-12 08:20:06.469 INFO  1. Page loaded 
2020-08-12 08:20:07.052 INFO  2. Selectors appeared 
2020-08-12 08:20:07.708 INFO  3. Found and clicked on size 
2020-08-12 08:20:08.270 INFO  4. Scrolled to add button 
2020-08-12 08:20:08.924 INFO  5. Clicked add button 
2020-08-12 08:20:36.152 INFO  1. Page loaded 
2020-08-12 08:20:36.703 INFO  2. Selectors appeared 
2020-08-12 08:20:37.299 INFO  3. Found and clicked on size 
2020-08-12 08:20:37.839 INFO  4. Scrolled to add button 
2020-08-12 08:20:38.470 INFO  5. Clicked add button 
2020-08-12 08:21:44.315 INFO  1. Page loaded 
2020-08-12 08:21:44.862 INFO  2. Selectors appeared 
2020-08-12 08:21:45.486 INFO  3. Found and clicked on size 
2020-08-12 08:21:46.055 INFO  4. Scrolled to add button 
2020-08-12 08:21:46.710 INFO  5. Clicked add button 
2020-08-12 08:22:24.483 INFO  1. Page loaded 
2020-08-12 08:22:25.036 INFO  2. Selectors appeared 
2020-08-12 08:22:25.644 INFO  3. Found and clicked on size 
2020-08-12 08:22:26.188 INFO  4. Scrolled to add button 
2020-08-12 08:22:26.864 INFO  5. Clicked add button 
2020-08-12 08:47:18.803 INFO  1. Page loaded 
2020-08-12 08:47:19.352 INFO  2. Selectors appeared 
2020-08-12 08:47:20.051 INFO  3. Found and clicked on size 
2020-08-12 08:47:20.625 INFO  4. Scrolled to add button 
2020-08-12 08:47:21.313 INFO  5. Clicked add button 
2020-08-12 08:48:39.061 INFO  1. Page loaded 
2020-08-12 08:48:39.652 INFO  2. Selectors appeared 
2020-08-12 08:48:40.257 INFO  3. Found and clicked on size 
2020-08-12 08:48:40.800 INFO  4. Scrolled to add button 
2020-08-12 08:48:41.429 INFO  5. Clicked add button 
2020-08-12 08:49:02.931 INFO  1. Page loaded 
2020-08-12 08:49:03.480 INFO  2. Selectors appeared 
2020-08-12 08:49:04.110 INFO  3. Found and clicked on size 
2020-08-12 08:49:04.668 INFO  4. Scrolled to add button 
2020-08-12 08:49:05.233 INFO  5. Clicked add button 
2020-08-12 09:03:46.607 INFO  1. Page loaded 
2020-08-12 09:03:47.184 INFO  2. Selectors appeared 
2020-08-12 09:03:47.804 INFO  3. Found and clicked on size 
2020-08-12 09:03:48.384 INFO  4. Scrolled to add button 
2020-08-12 09:03:48.982 INFO  5. Clicked add button 
2020-08-12 09:41:30.548 INFO  1. Page loaded 
2020-08-12 09:41:31.152 INFO  2. Selectors appeared 
2020-08-12 09:41:31.752 INFO  3. Found and clicked on size 
2020-08-12 09:41:32.304 INFO  4. Scrolled to add button 
2020-08-12 09:41:33.005 INFO  5. Clicked add button 
2020-08-12 09:42:31.112 INFO  1. Page loaded 
2020-08-12 09:42:31.686 INFO  2. Selectors appeared 
2020-08-12 09:42:32.278 INFO  3. Found and clicked on size 
2020-08-12 09:42:32.837 INFO  4. Scrolled to add button 
2020-08-12 09:42:33.429 INFO  5. Clicked add button 
2020-08-12 09:43:50.367 INFO  1. Page loaded 
2020-08-12 09:44:12.991 INFO  1. Page loaded 
2020-08-12 09:45:39.274 INFO  1. Page loaded 
2020-08-12 09:46:38.737 INFO  1. Page loaded 
2020-08-12 09:46:39.283 INFO  2. Selectors appeared 
2020-08-12 09:46:39.888 INFO  3. Found and clicked on size 
2020-08-12 09:46:40.440 INFO  4. Scrolled to add button 
2020-08-12 09:46:41.104 INFO  5. Clicked add button 
2020-08-12 09:47:39.132 INFO  1. Page loaded 
2020-08-12 09:47:40.194 INFO  2. Selectors appeared 
2020-08-12 09:47:41.331 INFO  3. Found and clicked on size 
2020-08-12 09:47:42.392 INFO  4. Scrolled to add button 
2020-08-12 09:47:43.552 INFO  5. Clicked add button 
2020-08-12 09:48:04.138 INFO  6. Logged in 
2020-08-12 09:50:44.567 INFO  1. Page loaded 
2020-08-12 09:50:45.620 INFO  2. Selectors appeared 
2020-08-12 09:50:46.736 INFO  3. Found and clicked on size 
2020-08-12 09:50:47.785 INFO  4. Scrolled to add button 
2020-08-12 09:50:48.980 INFO  5. Clicked add button 
2020-08-12 09:51:37.398 INFO  1. Page loaded 
2020-08-12 09:51:38.452 INFO  2. Selectors appeared 
2020-08-12 09:51:39.563 INFO  3. Found and clicked on size 
2020-08-12 09:51:40.609 INFO  4. Scrolled to add button 
2020-08-12 09:51:41.752 INFO  5. Clicked add button 
2020-08-12 09:51:58.991 INFO  6. Logged in 
2020-08-12 09:52:21.734 INFO  7. Entered CV 
2020-08-12 09:52:22.817 INFO  9. Submitted Order 
2020-08-12 09:55:29.508 INFO  1. Page loaded 
2020-08-12 09:55:30.558 INFO  2. Selectors appeared 
2020-08-12 09:55:31.718 INFO  3. Found and clicked on size 
2020-08-12 09:55:32.770 INFO  4. Scrolled to add button 
2020-08-12 09:55:33.913 INFO  5. Clicked add button 
2020-08-12 09:56:16.103 INFO  1. Page loaded 
2020-08-12 09:56:17.173 INFO  2. Selectors appeared 
2020-08-12 09:56:18.309 INFO  3. Found and clicked on size 
2020-08-12 09:56:19.360 INFO  4. Scrolled to add button 
2020-08-12 09:56:20.491 INFO  5. Clicked add button 
2020-08-12 09:57:07.199 INFO  1. Page loaded 
2020-08-12 09:57:08.259 INFO  2. Selectors appeared 
2020-08-12 09:57:09.406 INFO  3. Found and clicked on size 
2020-08-12 09:57:10.468 INFO  4. Scrolled to add button 
2020-08-12 09:57:11.582 INFO  5. Clicked add button 
2020-08-12 09:57:28.982 INFO  6. Logged in 
2020-08-12 09:57:53.723 INFO  7. Entered CV 
2020-08-12 09:57:54.893 INFO  9. Submitted Order 
2020-08-12 12:00:47.361 INFO  1. Page loaded 
2020-08-12 12:00:48.412 INFO  2. Selectors appeared 
2020-08-12 12:02:06.991 INFO  1. Page loaded 
2020-08-12 12:02:08.052 INFO  2. Selectors appeared 
2020-08-12 12:02:09.164 INFO  3. Found and clicked on size 
2020-08-12 12:02:10.301 INFO  4. Scrolled to add button 
2020-08-12 12:02:11.444 INFO  5. Clicked add button 
2020-08-12 12:04:46.495 INFO  1. Page loaded 
2020-08-12 12:04:47.565 INFO  2. Selectors appeared 
2020-08-12 12:04:48.677 INFO  3. Found and clicked on size 
2020-08-12 12:04:49.736 INFO  4. Scrolled to add button 
2020-08-12 12:04:50.869 INFO  5. Clicked add button 
2020-08-12 12:06:58.828 INFO  1. Page loaded 
2020-08-12 12:06:59.898 INFO  2. Selectors appeared 
2020-08-12 12:07:01.002 INFO  3. Found and clicked on size 
2020-08-12 12:07:02.056 INFO  4. Scrolled to add button 
2020-08-12 12:07:03.242 INFO  5. Clicked add button 
2020-08-12 12:09:47.052 INFO  1. Page loaded 
2020-08-12 12:09:48.125 INFO  2. Selectors appeared 
2020-08-12 12:09:49.231 INFO  3. Found and clicked on size 
2020-08-12 12:09:50.278 INFO  4. Scrolled to add button 
2020-08-12 12:09:51.386 INFO  5. Clicked add button 
2020-08-12 12:12:17.624 INFO  1. Page loaded 
2020-08-12 12:12:18.699 INFO  2. Selectors appeared 
2020-08-12 12:12:19.799 INFO  3. Found and clicked on size 
2020-08-12 12:12:20.862 INFO  4. Scrolled to add button 
2020-08-12 12:12:21.983 INFO  5. Clicked add button 
2020-08-12 12:13:42.323 INFO  1. Page loaded 
2020-08-12 12:13:43.388 INFO  2. Selectors appeared 
2020-08-12 12:13:44.465 INFO  3. Found and clicked on size 
2020-08-12 12:13:45.515 INFO  4. Scrolled to add button 
2020-08-12 12:13:46.673 INFO  5. Clicked add button 
2020-08-12 12:16:49.725 INFO  1. Page loaded 
2020-08-12 12:16:50.781 INFO  2. Selectors appeared 
2020-08-12 12:16:51.894 INFO  3. Found and clicked on size 
2020-08-12 12:16:52.986 INFO  4. Scrolled to add button 
2020-08-12 12:16:54.116 INFO  5. Clicked add button 
2020-08-12 12:18:14.651 INFO  1. Page loaded 
2020-08-12 12:18:15.764 INFO  2. Selectors appeared 
2020-08-12 12:18:16.866 INFO  3. Found and clicked on size 
2020-08-12 12:18:17.918 INFO  4. Scrolled to add button 
2020-08-12 12:18:19.061 INFO  5. Clicked add button 
2020-08-12 12:19:31.820 INFO  1. Page loaded 
2020-08-12 12:19:32.892 INFO  2. Selectors appeared 
2020-08-12 12:19:33.991 INFO  3. Found and clicked on size 
2020-08-12 12:19:35.052 INFO  4. Scrolled to add button 
2020-08-12 12:19:36.222 INFO  5. Clicked add button 
2020-08-12 12:22:05.825 INFO  1. Page loaded 
2020-08-12 12:22:06.886 INFO  2. Selectors appeared 
2020-08-12 12:22:07.967 INFO  3. Found and clicked on size 
2020-08-12 12:22:09.029 INFO  4. Scrolled to add button 
2020-08-12 12:22:10.201 INFO  5. Clicked add button 
2020-08-12 12:23:46.163 INFO  1. Page loaded 
2020-08-12 12:23:47.349 INFO  2. Selectors appeared 
2020-08-12 12:23:48.446 INFO  3. Found and clicked on size 
2020-08-12 12:23:49.492 INFO  4. Scrolled to add button 
2020-08-12 12:23:50.631 INFO  5. Clicked add button 
2020-08-12 12:25:08.468 INFO  1. Page loaded 
2020-08-12 12:25:09.520 INFO  2. Selectors appeared 
2020-08-12 12:25:10.607 INFO  3. Found and clicked on size 
2020-08-12 12:25:11.669 INFO  4. Scrolled to add button 
2020-08-12 12:25:12.829 INFO  5. Clicked add button 
2020-08-12 12:26:34.851 INFO  1. Page loaded 
2020-08-12 12:26:35.914 INFO  2. Selectors appeared 
2020-08-12 12:26:37.028 INFO  3. Found and clicked on size 
2020-08-12 12:26:38.078 INFO  4. Scrolled to add button 
2020-08-12 12:26:39.241 INFO  5. Clicked add button 
2020-08-12 12:29:51.851 INFO  1. Page loaded 
2020-08-12 12:29:52.902 INFO  2. Selectors appeared 
2020-08-12 12:29:53.995 INFO  3. Found and clicked on size 
2020-08-12 12:29:55.052 INFO  4. Scrolled to add button 
2020-08-12 12:29:56.235 INFO  5. Clicked add button 
2020-08-12 12:30:46.820 INFO  1. Page loaded 
2020-08-12 12:30:47.937 INFO  2. Selectors appeared 
2020-08-12 12:30:49.080 INFO  3. Found and clicked on size 
2020-08-12 12:30:50.139 INFO  4. Scrolled to add button 
2020-08-12 12:30:51.333 INFO  5. Clicked add button 
2020-08-12 12:31:40.909 INFO  1. Page loaded 
2020-08-12 12:31:41.964 INFO  2. Selectors appeared 
2020-08-12 12:31:43.110 INFO  3. Found and clicked on size 
2020-08-12 12:31:44.162 INFO  4. Scrolled to add button 
2020-08-12 12:31:45.356 INFO  5. Clicked add button 
2020-08-12 12:34:11.141 INFO  1. Page loaded 
2020-08-12 12:34:12.339 INFO  2. Selectors appeared 
2020-08-12 12:34:13.499 INFO  3. Found and clicked on size 
2020-08-12 12:34:14.558 INFO  4. Scrolled to add button 
2020-08-12 12:34:15.738 INFO  5. Clicked add button 
2020-08-12 13:55:30.776 INFO  1. Page loaded 
2020-08-12 13:55:31.829 INFO  2. Selectors appeared 
2020-08-12 13:55:32.920 INFO  3. Found and clicked on size 
2020-08-12 13:55:33.978 INFO  4. Scrolled to add button 
2020-08-12 13:55:35.102 INFO  5. Clicked add button 
2020-08-12 13:56:57.431 INFO  1. Page loaded 
2020-08-12 13:56:58.505 INFO  2. Selectors appeared 
2020-08-12 13:56:59.700 INFO  3. Found and clicked on size 
2020-08-12 13:57:00.776 INFO  4. Scrolled to add button 
2020-08-12 13:57:02.017 INFO  5. Clicked add button 
2020-08-12 13:58:17.684 INFO  1. Page loaded 
2020-08-12 13:58:18.797 INFO  2. Selectors appeared 
2020-08-12 13:58:19.928 INFO  3. Found and clicked on size 
2020-08-12 13:58:20.975 INFO  4. Scrolled to add button 
2020-08-12 13:58:22.145 INFO  5. Clicked add button 
2020-08-12 13:59:12.696 INFO  1. Page loaded 
2020-08-12 13:59:13.914 INFO  2. Selectors appeared 
2020-08-12 13:59:15.078 INFO  3. Found and clicked on size 
2020-08-12 13:59:16.151 INFO  4. Scrolled to add button 
2020-08-12 13:59:17.332 INFO  5. Clicked add button 
2020-08-12 14:00:03.571 INFO  1. Page loaded 
2020-08-12 14:00:04.640 INFO  2. Selectors appeared 
2020-08-12 14:00:05.779 INFO  3. Found and clicked on size 
2020-08-12 14:00:06.839 INFO  4. Scrolled to add button 
2020-08-12 14:00:08.031 INFO  5. Clicked add button 
2020-08-12 14:00:44.510 INFO  1. Page loaded 
2020-08-12 14:00:45.568 INFO  2. Selectors appeared 
2020-08-12 14:00:46.718 INFO  3. Found and clicked on size 
2020-08-12 14:00:47.786 INFO  4. Scrolled to add button 
2020-08-12 14:00:49.015 INFO  5. Clicked add button 
2020-08-12 14:01:05.938 INFO  6. Logged in 
2020-08-12 14:03:03.688 INFO  1. Page loaded 
2020-08-12 14:03:04.745 INFO  2. Selectors appeared 
2020-08-12 14:03:05.930 INFO  3. Found and clicked on size 
2020-08-12 14:03:07.027 INFO  4. Scrolled to add button 
2020-08-12 14:03:08.250 INFO  5. Clicked add button 
2020-08-12 14:03:25.406 INFO  6. Logged in 
2020-08-12 14:04:50.084 INFO  1. Page loaded 
2020-08-12 14:04:51.153 INFO  2. Selectors appeared 
2020-08-12 14:04:52.302 INFO  3. Found and clicked on size 
2020-08-12 14:04:53.362 INFO  4. Scrolled to add button 
2020-08-12 14:04:54.584 INFO  5. Clicked add button 
2020-08-12 14:05:11.658 INFO  6. Logged in 
2020-08-12 14:06:58.966 INFO  1. Page loaded 
2020-08-12 14:07:00.021 INFO  2. Selectors appeared 
2020-08-12 14:07:01.175 INFO  3. Found and clicked on size 
2020-08-12 14:07:02.244 INFO  4. Scrolled to add button 
2020-08-12 14:07:03.462 INFO  5. Clicked add button 
2020-08-12 14:07:20.537 INFO  6. Logged in 
2020-08-12 14:08:02.607 INFO  1. Page loaded 
2020-08-12 14:08:03.666 INFO  2. Selectors appeared 
2020-08-12 14:08:04.811 INFO  3. Found and clicked on size 
2020-08-12 14:08:05.872 INFO  4. Scrolled to add button 
2020-08-12 14:08:07.037 INFO  5. Clicked add button 
2020-08-12 14:08:23.944 INFO  6. Logged in 
2020-08-12 14:09:08.064 INFO  1. Page loaded 
2020-08-12 14:09:09.116 INFO  2. Selectors appeared 
2020-08-12 14:09:10.258 INFO  3. Found and clicked on size 
2020-08-12 14:09:11.358 INFO  4. Scrolled to add button 
2020-08-12 14:09:12.560 INFO  5. Clicked add button 
2020-08-12 14:09:59.105 INFO  1. Page loaded 
2020-08-12 14:10:00.199 INFO  2. Selectors appeared 
2020-08-12 14:10:01.340 INFO  3. Found and clicked on size 
2020-08-12 14:10:02.395 INFO  4. Scrolled to add button 
2020-08-12 14:10:03.606 INFO  5. Clicked add button 
2020-08-12 14:10:20.894 INFO  6. Logged in 
2020-08-14 06:47:06.470 INFO  1. Page loaded 
2020-08-14 06:47:07.666 INFO  2. Selectors appeared 
2020-08-14 06:47:08.708 INFO  3. Found and clicked on size 
2020-08-14 06:47:09.747 INFO  4. Scrolled to add button 
2020-08-14 06:47:10.920 INFO  5. Clicked add button 
2020-08-14 06:47:33.919 INFO  1. Page loaded 
2020-08-14 06:47:35.512 INFO  2. Selectors appeared 
2020-08-14 06:47:36.567 INFO  3. Found and clicked on size 
2020-08-14 06:47:37.624 INFO  4. Scrolled to add button 
2020-08-14 06:47:38.794 INFO  5. Clicked add button 
2020-08-14 06:48:11.621 INFO  6. Logged in 
2020-08-14 06:48:23.568 INFO  1. Page loaded 
2020-08-14 06:48:24.697 INFO  2. Selectors appeared 
2020-08-14 06:48:25.848 INFO  3. Found and clicked on size 
2020-08-14 06:48:26.899 INFO  4. Scrolled to add button 
2020-08-14 06:48:28.067 INFO  5. Clicked add button 
2020-08-14 06:48:44.793 INFO  6. Logged in 
2020-08-14 07:00:09.437 INFO  1. Page loaded 
2020-08-14 07:00:10.594 INFO  2. Selectors appeared 
2020-08-14 07:00:11.753 INFO  3. Found and clicked on size 
2020-08-14 07:00:12.868 INFO  4. Scrolled to add button 
2020-08-14 07:00:14.083 INFO  5. Clicked add button 
2020-08-14 07:00:32.900 INFO  6. Logged in 
2020-08-14 07:02:23.845 INFO  1. Page loaded 
2020-08-14 07:02:24.899 INFO  2. Selectors appeared 
2020-08-14 07:02:26.081 INFO  3. Found and clicked on size 
2020-08-14 07:02:27.150 INFO  4. Scrolled to add button 
2020-08-14 07:02:28.369 INFO  5. Clicked add button 
2020-08-14 07:02:45.965 INFO  6. Logged in 
2020-08-14 07:07:16.959 INFO  1. Page loaded 
2020-08-14 07:07:18.011 INFO  2. Selectors appeared 
2020-08-14 07:07:19.185 INFO  3. Found and clicked on size 
2020-08-14 07:07:20.305 INFO  4. Scrolled to add button 
2020-08-14 07:07:21.547 INFO  5. Clicked add button 
2020-08-14 07:07:39.088 INFO  6. Logged in 
2020-08-14 07:15:30.049 INFO  1. Page loaded 
2020-08-14 07:15:31.108 INFO  2. Selectors appeared 
2020-08-14 07:15:32.248 INFO  3. Found and clicked on size 
2020-08-14 07:15:33.294 INFO  4. Scrolled to add button 
2020-08-14 07:15:34.455 INFO  5. Clicked add button 
2020-08-14 07:15:52.772 INFO  6. Logged in 
2020-08-14 07:17:13.469 INFO  1. Page loaded 
2020-08-14 07:17:14.612 INFO  2. Selectors appeared 
2020-08-14 07:17:15.773 INFO  3. Found and clicked on size 
2020-08-14 07:17:16.865 INFO  4. Scrolled to add button 
2020-08-14 07:17:18.042 INFO  5. Clicked add button 
2020-08-14 07:17:35.744 INFO  6. Logged in 
2020-08-14 07:18:36.445 INFO  1. Page loaded 
2020-08-14 07:18:37.731 INFO  2. Selectors appeared 
2020-08-14 07:18:38.893 INFO  3. Found and clicked on size 
2020-08-14 07:18:39.951 INFO  4. Scrolled to add button 
2020-08-14 07:18:41.160 INFO  5. Clicked add button 
2020-08-14 07:18:58.591 INFO  6. Logged in 
2020-08-14 07:20:59.861 INFO  1. Page loaded 
2020-08-14 07:21:00.947 INFO  2. Selectors appeared 
2020-08-14 07:21:02.079 INFO  3. Found and clicked on size 
2020-08-14 07:21:03.161 INFO  4. Scrolled to add button 
2020-08-14 07:21:04.381 INFO  5. Clicked add button 
2020-08-14 07:21:22.658 INFO  6. Logged in 
2020-08-14 07:22:47.158 INFO  1. Page loaded 
2020-08-14 07:22:48.298 INFO  2. Selectors appeared 
2020-08-14 07:22:49.453 INFO  3. Found and clicked on size 
2020-08-14 07:22:50.502 INFO  4. Scrolled to add button 
2020-08-14 07:22:51.704 INFO  5. Clicked add button 
2020-08-14 07:23:09.894 INFO  6. Logged in 
2020-08-14 07:24:18.096 INFO  1. Page loaded 
2020-08-14 07:24:19.248 INFO  2. Selectors appeared 
2020-08-14 07:24:20.414 INFO  3. Found and clicked on size 
2020-08-14 07:24:21.538 INFO  4. Scrolled to add button 
2020-08-14 07:24:22.728 INFO  5. Clicked add button 
2020-08-14 07:24:40.325 INFO  6. Logged in 
2020-08-14 07:25:44.188 INFO  1. Page loaded 
2020-08-14 07:25:45.415 INFO  2. Selectors appeared 
2020-08-14 07:25:46.570 INFO  3. Found and clicked on size 
2020-08-14 07:25:47.632 INFO  4. Scrolled to add button 
2020-08-14 07:25:48.812 INFO  5. Clicked add button 
2020-08-14 07:26:06.104 INFO  6. Logged in 
2020-08-14 07:26:55.107 INFO  1. Page loaded 
2020-08-14 07:26:56.273 INFO  2. Selectors appeared 
2020-08-14 07:26:57.411 INFO  3. Found and clicked on size 
2020-08-14 07:26:58.518 INFO  4. Scrolled to add button 
2020-08-14 07:26:59.698 INFO  5. Clicked add button 
2020-08-14 07:27:17.135 INFO  6. Logged in 
2020-08-14 07:35:17.266 INFO  1. Page loaded 
2020-08-14 07:35:18.323 INFO  2. Selectors appeared 
2020-08-14 07:35:19.515 INFO  3. Found and clicked on size 
2020-08-14 07:35:20.582 INFO  4. Scrolled to add button 
2020-08-14 07:35:21.792 INFO  5. Clicked add button 
2020-08-14 07:35:39.491 INFO  6. Logged in 
2020-08-14 07:42:22.920 INFO  1. Page loaded 
2020-08-14 07:42:23.993 INFO  2. Selectors appeared 
2020-08-14 07:42:25.226 INFO  3. Found and clicked on size 
2020-08-14 07:42:26.287 INFO  4. Scrolled to add button 
2020-08-14 07:42:27.493 INFO  5. Clicked add button 
2020-08-14 07:42:44.839 INFO  6. Logged in 
2020-08-14 07:43:45.258 INFO  1. Page loaded 
2020-08-14 07:43:46.320 INFO  2. Selectors appeared 
2020-08-14 07:43:47.469 INFO  3. Found and clicked on size 
2020-08-14 07:43:48.544 INFO  4. Scrolled to add button 
2020-08-14 07:43:49.760 INFO  5. Clicked add button 
2020-08-14 07:44:07.405 INFO  6. Logged in 
2020-08-14 07:48:21.879 INFO  1. Page loaded 
2020-08-14 07:48:22.956 INFO  2. Selectors appeared 
2020-08-14 07:48:24.083 INFO  3. Found and clicked on size 
2020-08-14 07:48:25.216 INFO  4. Scrolled to add button 
2020-08-14 07:48:26.421 INFO  5. Clicked add button 
2020-08-14 07:48:43.384 INFO  6. Logged in 
2020-08-14 07:51:24.871 INFO  1. Page loaded 
2020-08-14 07:51:25.927 INFO  2. Selectors appeared 
2020-08-14 07:51:27.067 INFO  3. Found and clicked on size 
2020-08-14 07:51:28.126 INFO  4. Scrolled to add button 
2020-08-14 07:51:29.327 INFO  5. Clicked add button 
2020-08-14 07:51:46.557 INFO  6. Logged in 
2020-08-14 07:53:29.601 INFO  1. Page loaded 
2020-08-14 07:53:30.809 INFO  2. Selectors appeared 
2020-08-14 07:53:31.985 INFO  3. Found and clicked on size 
2020-08-14 07:53:33.042 INFO  4. Scrolled to add button 
2020-08-14 07:53:34.244 INFO  5. Clicked add button 
2020-08-14 07:53:51.562 INFO  6. Logged in 
2020-08-14 07:55:06.114 INFO  1. Page loaded 
2020-08-14 07:55:07.256 INFO  2. Selectors appeared 
2020-08-14 07:55:08.448 INFO  3. Found and clicked on size 
2020-08-14 07:55:09.514 INFO  4. Scrolled to add button 
2020-08-14 07:55:10.727 INFO  5. Clicked add button 
2020-08-14 07:55:27.951 INFO  6. Logged in 
2020-08-14 08:01:08.984 INFO  1. Page loaded 
2020-08-14 08:01:10.132 INFO  2. Selectors appeared 
2020-08-14 08:01:11.336 INFO  3. Found and clicked on size 
2020-08-14 08:01:12.400 INFO  4. Scrolled to add button 
2020-08-14 08:01:13.605 INFO  5. Clicked add button 
2020-08-14 08:01:52.328 INFO  1. Page loaded 
2020-08-14 08:01:53.471 INFO  2. Selectors appeared 
2020-08-14 08:01:54.648 INFO  3. Found and clicked on size 
2020-08-14 08:01:55.733 INFO  4. Scrolled to add button 
2020-08-14 08:01:56.897 INFO  5. Clicked add button 
2020-08-14 08:02:13.819 INFO  6. Logged in 
2020-08-14 08:04:15.527 INFO  1. Page loaded 
2020-08-14 08:04:16.912 INFO  2. Selectors appeared 
2020-08-14 08:04:18.064 INFO  3. Found and clicked on size 
2020-08-14 08:04:19.127 INFO  4. Scrolled to add button 
2020-08-14 08:04:20.360 INFO  5. Clicked add button 
2020-08-14 08:04:57.799 INFO  1. Page loaded 
2020-08-14 08:04:59.011 INFO  2. Selectors appeared 
2020-08-14 08:05:00.165 INFO  3. Found and clicked on size 
2020-08-14 08:05:01.223 INFO  4. Scrolled to add button 
2020-08-14 08:05:02.422 INFO  5. Clicked add button 
2020-08-14 08:05:42.156 INFO  1. Page loaded 
2020-08-14 08:05:43.319 INFO  2. Selectors appeared 
2020-08-14 08:05:44.482 INFO  3. Found and clicked on size 
2020-08-14 08:05:45.551 INFO  4. Scrolled to add button 
2020-08-14 08:05:46.780 INFO  5. Clicked add button 
2020-08-14 08:06:03.533 INFO  6. Logged in 
2020-08-14 08:07:21.882 INFO  1. Page loaded 
2020-08-14 08:07:22.944 INFO  2. Selectors appeared 
2020-08-14 08:07:24.078 INFO  3. Found and clicked on size 
2020-08-14 08:07:25.138 INFO  4. Scrolled to add button 
2020-08-14 08:07:26.361 INFO  5. Clicked add button 
2020-08-14 08:08:28.799 INFO  1. Page loaded 
2020-08-14 08:08:29.946 INFO  2. Selectors appeared 
2020-08-14 08:08:31.112 INFO  3. Found and clicked on size 
2020-08-14 08:08:32.160 INFO  4. Scrolled to add button 
2020-08-14 08:08:33.382 INFO  5. Clicked add button 
2020-08-14 08:09:01.262 INFO  1. Page loaded 
2020-08-14 08:09:02.428 INFO  2. Selectors appeared 
2020-08-14 08:09:03.577 INFO  3. Found and clicked on size 
2020-08-14 08:09:04.662 INFO  4. Scrolled to add button 
2020-08-14 08:09:05.850 INFO  5. Clicked add button 
2020-08-14 08:09:40.862 INFO  1. Page loaded 
2020-08-14 08:09:41.935 INFO  2. Selectors appeared 
2020-08-14 08:09:43.095 INFO  3. Found and clicked on size 
2020-08-14 08:09:44.157 INFO  4. Scrolled to add button 
2020-08-14 08:09:45.336 INFO  5. Clicked add button 
2020-08-14 08:16:47.511 INFO  1. Page loaded 
2020-08-14 08:16:48.612 INFO  2. Selectors appeared 
2020-08-14 08:16:49.770 INFO  3. Found and clicked on size 
2020-08-14 08:16:50.829 INFO  4. Scrolled to add button 
2020-08-14 08:16:52.024 INFO  5. Clicked add button 
2020-08-14 08:45:20.418 INFO  1. Page loaded 
2020-08-14 08:45:21.527 INFO  2. Selectors appeared 
2020-08-14 08:45:22.670 INFO  3. Found and clicked on size 
2020-08-14 08:45:23.720 INFO  4. Scrolled to add button 
2020-08-14 08:45:24.940 INFO  5. Clicked add button 
2020-08-14 08:45:42.228 INFO  6. Logged in 
2020-08-14 08:47:18.711 INFO  1. Page loaded 
2020-08-14 08:47:19.917 INFO  2. Selectors appeared 
2020-08-14 08:47:21.099 INFO  3. Found and clicked on size 
2020-08-14 08:47:22.158 INFO  4. Scrolled to add button 
2020-08-14 08:47:23.348 INFO  5. Clicked add button 
2020-08-14 08:47:44.181 INFO  1. Page loaded 
2020-08-14 08:47:45.232 INFO  2. Selectors appeared 
2020-08-14 08:47:46.420 INFO  3. Found and clicked on size 
2020-08-14 08:47:47.470 INFO  4. Scrolled to add button 
2020-08-14 08:47:48.679 INFO  5. Clicked add button 
2020-08-14 08:48:06.615 INFO  6. Logged in 
2020-08-14 08:48:48.768 INFO  1. Page loaded 
2020-08-14 08:48:49.872 INFO  2. Selectors appeared 
2020-08-14 08:48:51.036 INFO  3. Found and clicked on size 
2020-08-14 08:48:52.120 INFO  4. Scrolled to add button 
2020-08-14 08:48:53.318 INFO  5. Clicked add button 
2020-08-14 08:49:10.840 INFO  6. Logged in 
2020-08-14 08:50:32.413 INFO  1. Page loaded 
2020-08-14 08:50:33.537 INFO  2. Selectors appeared 
2020-08-14 08:50:34.670 INFO  3. Found and clicked on size 
2020-08-14 08:50:35.763 INFO  4. Scrolled to add button 
2020-08-14 08:50:36.942 INFO  5. Clicked add button 
2020-08-14 08:50:54.804 INFO  6. Logged in 
2020-08-14 08:51:58.682 INFO  1. Page loaded 
2020-08-14 08:51:59.789 INFO  2. Selectors appeared 
2020-08-14 08:52:00.918 INFO  3. Found and clicked on size 
2020-08-14 08:52:01.983 INFO  4. Scrolled to add button 
2020-08-14 08:52:03.144 INFO  5. Clicked add button 
2020-08-14 08:52:20.091 INFO  6. Logged in 
2020-08-14 08:53:39.131 INFO  1. Page loaded 
2020-08-14 08:53:40.206 INFO  2. Selectors appeared 
2020-08-14 08:53:41.303 INFO  3. Found and clicked on size 
2020-08-14 08:53:42.364 INFO  4. Scrolled to add button 
2020-08-14 08:53:43.504 INFO  5. Clicked add button 
2020-08-14 08:54:42.161 INFO  1. Page loaded 
2020-08-14 08:54:43.224 INFO  2. Selectors appeared 
2020-08-14 08:54:44.380 INFO  3. Found and clicked on size 
2020-08-14 08:54:45.440 INFO  4. Scrolled to add button 
2020-08-14 08:54:46.620 INFO  5. Clicked add button 
2020-08-14 08:55:04.023 INFO  6. Logged in 
2020-08-14 08:57:10.493 INFO  1. Page loaded 
2020-08-14 08:57:11.572 INFO  2. Selectors appeared 
2020-08-14 08:57:12.748 INFO  3. Found and clicked on size 
2020-08-14 08:57:13.864 INFO  4. Scrolled to add button 
2020-08-14 08:57:15.030 INFO  5. Clicked add button 
2020-08-14 08:57:32.036 INFO  6. Logged in 
2020-08-14 08:58:27.528 INFO  1. Page loaded 
2020-08-14 08:58:28.621 INFO  2. Selectors appeared 
2020-08-14 08:58:29.738 INFO  3. Found and clicked on size 
2020-08-14 08:58:30.817 INFO  4. Scrolled to add button 
2020-08-14 08:58:32.002 INFO  5. Clicked add button 
2020-08-14 08:58:49.478 INFO  6. Logged in 
2020-08-14 08:59:53.548 INFO  1. Page loaded 
2020-08-14 08:59:54.605 INFO  2. Selectors appeared 
2020-08-14 08:59:55.763 INFO  3. Found and clicked on size 
2020-08-14 08:59:56.865 INFO  4. Scrolled to add button 
2020-08-14 08:59:58.018 INFO  5. Clicked add button 
2020-08-14 09:00:15.168 INFO  6. Logged in 
2020-08-14 09:01:12.141 INFO  1. Page loaded 
2020-08-14 09:01:13.200 INFO  2. Selectors appeared 
2020-08-14 09:01:14.368 INFO  3. Found and clicked on size 
2020-08-14 09:01:15.442 INFO  4. Scrolled to add button 
2020-08-14 09:01:16.607 INFO  5. Clicked add button 
2020-08-14 09:01:33.424 INFO  6. Logged in 
2020-08-14 09:03:34.112 INFO  1. Page loaded 
2020-08-14 09:03:35.255 INFO  2. Selectors appeared 
2020-08-14 09:03:36.436 INFO  3. Found and clicked on size 
2020-08-14 09:03:37.497 INFO  4. Scrolled to add button 
2020-08-14 09:03:38.673 INFO  5. Clicked add button 
2020-08-14 09:03:55.965 INFO  6. Logged in 
2020-08-14 09:05:12.994 INFO  1. Page loaded 
2020-08-14 09:05:14.080 INFO  2. Selectors appeared 
2020-08-14 09:05:15.214 INFO  3. Found and clicked on size 
2020-08-14 09:05:16.266 INFO  4. Scrolled to add button 
2020-08-14 09:05:17.451 INFO  5. Clicked add button 
2020-08-14 09:05:34.437 INFO  6. Logged in 
2020-08-14 09:06:29.476 INFO  1. Page loaded 
2020-08-14 09:06:30.556 INFO  2. Selectors appeared 
2020-08-14 09:06:31.712 INFO  3. Found and clicked on size 
2020-08-14 09:06:32.763 INFO  4. Scrolled to add button 
2020-08-14 09:06:33.949 INFO  5. Clicked add button 
2020-08-14 09:06:51.223 INFO  6. Logged in 
2020-08-14 09:07:36.127 INFO  1. Page loaded 
2020-08-14 09:07:37.190 INFO  2. Selectors appeared 
2020-08-14 09:07:38.333 INFO  3. Found and clicked on size 
2020-08-14 09:07:39.388 INFO  4. Scrolled to add button 
2020-08-14 09:07:40.559 INFO  5. Clicked add button 
2020-08-14 09:08:02.517 INFO  1. Page loaded 
2020-08-14 09:08:03.580 INFO  2. Selectors appeared 
2020-08-14 09:08:04.744 INFO  3. Found and clicked on size 
2020-08-14 09:08:05.819 INFO  4. Scrolled to add button 
2020-08-14 09:08:07.029 INFO  5. Clicked add button 
2020-08-14 09:08:22.049 INFO  1. Page loaded 
2020-08-14 09:08:23.109 INFO  2. Selectors appeared 
2020-08-14 09:08:24.266 INFO  3. Found and clicked on size 
2020-08-14 09:08:25.331 INFO  4. Scrolled to add button 
2020-08-14 09:08:26.507 INFO  5. Clicked add button 
2020-08-14 11:40:16.027 INFO  1. Page loaded 
2020-08-14 11:40:17.079 INFO  2. Selectors appeared 
2020-08-14 11:40:18.194 INFO  3. Found and clicked on size 
2020-08-14 11:40:19.263 INFO  4. Scrolled to add button 
2020-08-14 11:40:20.459 INFO  5. Clicked add button 
2020-08-14 11:40:38.022 INFO  6. Logged in 
2020-08-14 11:43:45.232 INFO  1. Page loaded 
2020-08-14 11:43:46.305 INFO  2. Selectors appeared 
2020-08-14 11:43:47.460 INFO  3. Found and clicked on size 
2020-08-14 11:43:48.510 INFO  4. Scrolled to add button 
2020-08-14 11:43:49.681 INFO  5. Clicked add button 
2020-08-14 11:44:06.739 INFO  6. Logged in 
2020-08-14 12:48:12.788 INFO  1. Page loaded 
2020-08-14 12:48:13.889 INFO  2. Selectors appeared 
2020-08-14 12:48:15.029 INFO  3. Found and clicked on size 
2020-08-14 12:48:16.083 INFO  4. Scrolled to add button 
2020-08-14 12:48:17.248 INFO  5. Clicked add button 
2020-08-14 12:48:34.786 INFO  6. Logged in 
2020-08-14 13:03:42.523 INFO  1. Page loaded 
2020-08-14 13:03:43.600 INFO  2. Selectors appeared 
2020-08-14 13:03:44.809 INFO  3. Found and clicked on size 
2020-08-14 13:03:45.863 INFO  4. Scrolled to add button 
2020-08-14 13:03:47.035 INFO  5. Clicked add button 
2020-08-14 13:04:04.215 INFO  6. Logged in 
2020-08-14 13:12:41.830 INFO  1. Page loaded 
2020-08-14 13:12:42.910 INFO  2. Selectors appeared 
2020-08-14 13:12:44.038 INFO  3. Found and clicked on size 
2020-08-14 13:12:45.091 INFO  4. Scrolled to add button 
2020-08-14 13:12:46.252 INFO  5. Clicked add button 
2020-08-14 13:13:03.196 INFO  6. Logged in 
2020-08-14 13:17:55.440 INFO  1. Page loaded 
2020-08-14 13:17:56.498 INFO  2. Selectors appeared 
2020-08-14 13:17:57.628 INFO  3. Found and clicked on size 
2020-08-14 13:17:58.687 INFO  4. Scrolled to add button 
2020-08-14 13:17:59.858 INFO  5. Clicked add button 
2020-08-14 13:18:17.425 INFO  6. Logged in 
2020-08-14 13:21:52.701 INFO  1. Page loaded 
2020-08-14 13:21:53.766 INFO  2. Selectors appeared 
2020-08-14 13:21:54.910 INFO  3. Found and clicked on size 
2020-08-14 13:21:55.969 INFO  4. Scrolled to add button 
2020-08-14 13:21:57.141 INFO  5. Clicked add button 
2020-08-14 13:22:14.926 INFO  6. Logged in 
2020-08-14 13:23:43.347 INFO  1. Page loaded 
2020-08-14 13:23:44.426 INFO  2. Selectors appeared 
2020-08-14 13:23:45.564 INFO  3. Found and clicked on size 
2020-08-14 13:23:46.658 INFO  4. Scrolled to add button 
2020-08-14 13:23:47.834 INFO  5. Clicked add button 
2020-08-14 13:24:05.458 INFO  6. Logged in 
2020-08-14 13:25:24.344 INFO  1. Page loaded 
2020-08-14 13:25:25.574 INFO  2. Selectors appeared 
2020-08-14 13:25:26.702 INFO  3. Found and clicked on size 
2020-08-14 13:25:27.780 INFO  4. Scrolled to add button 
2020-08-14 13:25:28.971 INFO  5. Clicked add button 
2020-08-14 13:25:46.293 INFO  6. Logged in 
2020-08-14 13:26:28.146 INFO  1. Page loaded 
2020-08-14 13:26:29.242 INFO  2. Selectors appeared 
2020-08-14 13:26:30.362 INFO  3. Found and clicked on size 
2020-08-14 13:26:31.415 INFO  4. Scrolled to add button 
2020-08-14 13:26:32.561 INFO  5. Clicked add button 
2020-08-14 13:26:50.179 INFO  6. Logged in 
2020-08-14 13:28:53.533 INFO  1. Page loaded 
2020-08-14 13:28:54.641 INFO  2. Selectors appeared 
2020-08-14 13:28:55.795 INFO  3. Found and clicked on size 
2020-08-14 13:28:56.898 INFO  4. Scrolled to add button 
2020-08-14 13:28:58.062 INFO  5. Clicked add button 
2020-08-14 13:29:31.516 INFO  1. Page loaded 
2020-08-14 13:29:32.578 INFO  2. Selectors appeared 
2020-08-14 13:29:33.706 INFO  3. Found and clicked on size 
2020-08-14 13:29:34.755 INFO  4. Scrolled to add button 
2020-08-14 13:29:35.905 INFO  5. Clicked add button 
2020-08-14 13:29:53.217 INFO  6. Logged in 
2020-08-14 13:31:50.853 INFO  1. Page loaded 
2020-08-14 13:31:51.949 INFO  2. Selectors appeared 
2020-08-14 13:31:53.100 INFO  3. Found and clicked on size 
2020-08-14 13:31:54.163 INFO  4. Scrolled to add button 
2020-08-14 13:31:55.397 INFO  5. Clicked add button 
2020-08-14 13:32:30.413 INFO  1. Page loaded 
2020-08-14 13:32:31.533 INFO  2. Selectors appeared 
2020-08-14 13:32:32.686 INFO  3. Found and clicked on size 
2020-08-14 13:32:33.768 INFO  4. Scrolled to add button 
2020-08-14 13:32:34.926 INFO  5. Clicked add button 
2020-08-14 13:32:52.918 INFO  6. Logged in 
2020-08-14 13:35:37.048 INFO  1. Page loaded 
2020-08-14 13:35:38.152 INFO  2. Selectors appeared 
2020-08-14 13:35:39.270 INFO  3. Found and clicked on size 
2020-08-14 13:35:40.337 INFO  4. Scrolled to add button 
2020-08-14 13:35:41.518 INFO  5. Clicked add button 
2020-08-14 13:35:59.561 INFO  6. Logged in 
2020-08-14 13:42:38.470 INFO  1. Page loaded 
2020-08-14 13:42:39.530 INFO  2. Selectors appeared 
2020-08-14 13:42:40.685 INFO  3. Found and clicked on size 
2020-08-14 13:42:41.738 INFO  4. Scrolled to add button 
2020-08-14 13:42:42.970 INFO  5. Clicked add button 
2020-08-14 13:43:00.099 INFO  6. Logged in 
2020-08-14 13:49:27.967 INFO  1. Page loaded 
2020-08-14 13:49:29.032 INFO  2. Selectors appeared 
2020-08-14 13:49:30.164 INFO  3. Found and clicked on size 
2020-08-14 13:49:31.271 INFO  4. Scrolled to add button 
2020-08-14 13:49:32.464 INFO  5. Clicked add button 
2020-08-14 13:50:44.476 INFO  1. Page loaded 
2020-08-14 13:50:45.529 INFO  2. Selectors appeared 
2020-08-14 13:50:46.696 INFO  3. Found and clicked on size 
2020-08-14 13:50:47.758 INFO  4. Scrolled to add button 
2020-08-14 13:50:48.944 INFO  5. Clicked add button 
2020-08-14 13:51:06.592 INFO  6. Logged in 
2020-08-14 13:57:49.603 INFO  1. Page loaded 
2020-08-14 13:57:50.677 INFO  2. Selectors appeared 
2020-08-14 13:57:51.893 INFO  3. Found and clicked on size 
2020-08-14 13:57:52.957 INFO  4. Scrolled to add button 
2020-08-14 13:57:54.167 INFO  5. Clicked add button 
2020-08-14 13:58:11.623 INFO  6. Logged in 
2020-08-14 13:59:51.196 INFO  1. Page loaded 
2020-08-14 13:59:52.251 INFO  2. Selectors appeared 
2020-08-14 13:59:53.461 INFO  3. Found and clicked on size 
2020-08-14 13:59:54.529 INFO  4. Scrolled to add button 
2020-08-14 13:59:55.756 INFO  5. Clicked add button 
2020-08-14 14:01:08.806 INFO  1. Page loaded 
2020-08-14 14:01:09.895 INFO  2. Selectors appeared 
2020-08-14 14:01:11.031 INFO  3. Found and clicked on size 
2020-08-14 14:01:12.097 INFO  4. Scrolled to add button 
2020-08-14 14:01:13.317 INFO  5. Clicked add button 
2020-08-14 14:01:30.444 INFO  6. Logged in 
2020-08-15 02:12:29.180 INFO  1. Page loaded 
2020-08-15 02:12:30.277 INFO  2. Selectors appeared 
2020-08-15 02:12:31.428 INFO  3. Found and clicked on size 
2020-08-15 02:12:32.496 INFO  4. Scrolled to add button 
2020-08-15 02:12:33.674 INFO  5. Clicked add button 
2020-08-15 02:12:51.219 INFO  6. Logged in 
2020-08-15 02:31:26.824 INFO  1. Page loaded 
2020-08-15 02:31:27.894 INFO  2. Selectors appeared 
2020-08-15 02:31:29.061 INFO  3. Found and clicked on size 
2020-08-15 02:31:30.125 INFO  4. Scrolled to add button 
2020-08-15 02:31:31.302 INFO  5. Clicked add button 
2020-08-15 02:31:48.834 INFO  6. Logged in 
2020-08-15 02:43:38.739 INFO  1. Page loaded 
2020-08-15 02:43:39.903 INFO  2. Selectors appeared 
2020-08-15 02:43:41.045 INFO  3. Found and clicked on size 
2020-08-15 02:43:42.111 INFO  4. Scrolled to add button 
2020-08-15 02:43:43.351 INFO  5. Clicked add button 
2020-08-15 02:44:00.610 INFO  6. Logged in 
2020-08-15 02:59:37.348 INFO  1. Page loaded 
2020-08-15 02:59:38.458 INFO  2. Selectors appeared 
2020-08-15 02:59:39.608 INFO  3. Found and clicked on size 
2020-08-15 02:59:40.679 INFO  4. Scrolled to add button 
2020-08-15 02:59:41.909 INFO  5. Clicked add button 
2020-08-15 02:59:58.895 INFO  6. Logged in 
2020-08-15 03:09:10.350 INFO  1. Page loaded 
2020-08-15 03:09:11.433 INFO  2. Selectors appeared 
2020-08-15 03:09:12.555 INFO  3. Found and clicked on size 
2020-08-15 03:09:13.611 INFO  4. Scrolled to add button 
2020-08-15 03:09:14.820 INFO  5. Clicked add button 
2020-08-15 03:09:31.999 INFO  6. Logged in 
2020-08-15 03:12:24.571 INFO  1. Page loaded 
2020-08-15 03:12:25.661 INFO  2. Selectors appeared 
2020-08-15 03:12:26.817 INFO  3. Found and clicked on size 
2020-08-15 03:12:27.865 INFO  4. Scrolled to add button 
2020-08-15 03:12:29.069 INFO  5. Clicked add button 
2020-08-15 03:12:45.729 INFO  6. Logged in 
2020-08-15 03:27:45.903 INFO  1. Page loaded 
2020-08-15 03:27:47.087 INFO  2. Selectors appeared 
2020-08-15 03:27:48.256 INFO  3. Found and clicked on size 
2020-08-15 03:27:49.321 INFO  4. Scrolled to add button 
2020-08-15 03:27:50.518 INFO  5. Clicked add button 
2020-08-15 03:28:08.314 INFO  6. Logged in 
2020-08-15 03:36:44.938 INFO  1. Page loaded 
2020-08-15 03:36:46.186 INFO  2. Selectors appeared 
2020-08-15 03:36:47.348 INFO  3. Found and clicked on size 
2020-08-15 03:36:48.426 INFO  4. Scrolled to add button 
2020-08-15 03:36:49.601 INFO  5. Clicked add button 
2020-08-15 03:37:06.569 INFO  6. Logged in 
2020-08-15 03:42:00.853 INFO  1. Page loaded 
2020-08-15 03:42:01.917 INFO  2. Selectors appeared 
2020-08-15 03:42:03.059 INFO  3. Found and clicked on size 
2020-08-15 03:42:04.187 INFO  4. Scrolled to add button 
2020-08-15 03:42:05.354 INFO  5. Clicked add button 
2020-08-15 03:42:22.330 INFO  6. Logged in 
2020-08-15 03:53:23.412 INFO  1. Page loaded 
2020-08-15 03:53:24.473 INFO  2. Selectors appeared 
2020-08-15 03:53:25.635 INFO  3. Found and clicked on size 
2020-08-15 03:53:26.704 INFO  4. Scrolled to add button 
2020-08-15 03:53:27.916 INFO  5. Clicked add button 
2020-08-15 03:53:45.072 INFO  6. Logged in 
2020-08-15 03:54:56.476 INFO  1. Page loaded 
2020-08-15 03:54:57.534 INFO  2. Selectors appeared 
2020-08-15 03:54:58.687 INFO  3. Found and clicked on size 
2020-08-15 03:54:59.738 INFO  4. Scrolled to add button 
2020-08-15 03:55:00.936 INFO  5. Clicked add button 
2020-08-15 03:55:17.874 INFO  6. Logged in 
2020-08-15 03:56:52.852 INFO  1. Page loaded 
2020-08-15 03:56:54.039 INFO  2. Selectors appeared 
2020-08-15 03:56:55.167 INFO  3. Found and clicked on size 
2020-08-15 03:56:56.253 INFO  4. Scrolled to add button 
2020-08-15 03:56:57.406 INFO  5. Clicked add button 
2020-08-15 03:57:15.310 INFO  6. Logged in 
2020-08-15 04:03:53.376 INFO  1. Page loaded 
2020-08-15 04:03:54.520 INFO  2. Selectors appeared 
2020-08-15 04:03:55.648 INFO  3. Found and clicked on size 
2020-08-15 04:03:56.745 INFO  4. Scrolled to add button 
2020-08-15 04:03:57.937 INFO  5. Clicked add button 
2020-08-15 04:06:51.593 INFO  1. Page loaded 
2020-08-15 04:06:52.680 INFO  2. Selectors appeared 
2020-08-15 04:06:53.823 INFO  3. Found and clicked on size 
2020-08-15 04:06:54.876 INFO  4. Scrolled to add button 
2020-08-15 04:06:56.051 INFO  5. Clicked add button 
2020-08-15 04:07:13.226 INFO  6. Logged in 
2020-08-15 04:21:22.250 INFO  1. Page loaded 
2020-08-15 04:21:23.337 INFO  2. Selectors appeared 
2020-08-15 04:21:24.507 INFO  3. Found and clicked on size 
2020-08-15 04:21:25.587 INFO  4. Scrolled to add button 
2020-08-15 04:21:26.760 INFO  5. Clicked add button 
2020-08-15 04:21:44.440 INFO  6. Logged in 
2020-08-15 04:23:10.881 INFO  1. Page loaded 
2020-08-15 04:23:11.987 INFO  2. Selectors appeared 
2020-08-15 04:23:13.169 INFO  3. Found and clicked on size 
2020-08-15 04:23:14.224 INFO  4. Scrolled to add button 
2020-08-15 04:23:15.443 INFO  5. Clicked add button 
2020-08-15 04:23:32.406 INFO  6. Logged in 
2020-08-15 04:25:41.126 INFO  1. Page loaded 
2020-08-15 04:25:42.333 INFO  2. Selectors appeared 
2020-08-15 04:25:43.478 INFO  3. Found and clicked on size 
2020-08-15 04:25:44.530 INFO  4. Scrolled to add button 
2020-08-15 04:25:45.679 INFO  5. Clicked add button 
2020-08-15 04:26:03.674 INFO  6. Logged in 
2020-08-15 04:35:24.876 INFO  1. Page loaded 
2020-08-15 04:35:25.941 INFO  2. Selectors appeared 
2020-08-15 04:35:27.113 INFO  3. Found and clicked on size 
2020-08-15 04:35:28.209 INFO  4. Scrolled to add button 
2020-08-15 04:35:29.356 INFO  5. Clicked add button 
2020-08-15 04:35:47.233 INFO  6. Logged in 
2020-08-15 04:56:06.726 INFO  1. Page loaded 
2020-08-15 04:56:07.810 INFO  2. Selectors appeared 
2020-08-15 04:56:08.960 INFO  3. Found and clicked on size 
2020-08-15 04:56:10.041 INFO  4. Scrolled to add button 
2020-08-15 04:56:11.193 INFO  5. Clicked add button 
2020-08-15 04:56:28.979 INFO  6. Logged in 
2020-08-15 05:00:36.425 INFO  1. Page loaded 
2020-08-15 05:00:37.499 INFO  2. Selectors appeared 
2020-08-15 05:00:38.630 INFO  3. Found and clicked on size 
2020-08-15 05:00:39.695 INFO  4. Scrolled to add button 
2020-08-15 05:00:40.875 INFO  5. Clicked add button 
2020-08-15 05:00:58.503 INFO  6. Logged in 
2020-08-15 05:03:39.740 INFO  1. Page loaded 
2020-08-15 05:04:15.214 INFO  1. Page loaded 
2020-08-15 05:04:16.260 INFO  2. Selectors appeared 
2020-08-15 05:04:17.414 INFO  3. Found and clicked on size 
2020-08-15 05:04:18.476 INFO  4. Scrolled to add button 
2020-08-15 05:04:19.660 INFO  5. Clicked add button 
2020-08-15 05:04:37.172 INFO  6. Logged in 
2020-08-15 05:07:57.746 INFO  1. Page loaded 
2020-08-15 05:07:58.886 INFO  2. Selectors appeared 
2020-08-15 05:08:00.033 INFO  3. Found and clicked on size 
2020-08-15 05:08:01.152 INFO  4. Scrolled to add button 
2020-08-15 05:08:02.350 INFO  5. Clicked add button 
2020-08-15 05:08:20.413 INFO  6. Logged in 
2020-08-15 05:09:20.060 INFO  1. Page loaded 
2020-08-15 05:09:21.213 INFO  2. Selectors appeared 
2020-08-15 05:09:22.398 INFO  3. Found and clicked on size 
2020-08-15 05:09:23.479 INFO  4. Scrolled to add button 
2020-08-15 05:09:24.642 INFO  5. Clicked add button 
2020-08-15 05:09:41.885 INFO  6. Logged in 
2020-08-15 05:13:24.677 INFO  1. Page loaded 
2020-08-15 05:13:25.766 INFO  2. Selectors appeared 
2020-08-15 05:13:26.993 INFO  3. Found and clicked on size 
2020-08-15 05:13:28.048 INFO  4. Scrolled to add button 
2020-08-15 05:13:29.201 INFO  5. Clicked add button 
2020-08-15 05:13:46.387 INFO  6. Logged in 
2020-08-15 05:14:15.282 INFO  1. Page loaded 
2020-08-15 05:14:16.346 INFO  2. Selectors appeared 
2020-08-15 05:14:17.523 INFO  3. Found and clicked on size 
2020-08-15 05:14:18.636 INFO  4. Scrolled to add button 
2020-08-15 05:14:19.810 INFO  5. Clicked add button 
2020-08-15 05:14:37.462 INFO  6. Logged in 
2020-08-15 05:18:11.456 INFO  1. Page loaded 
2020-08-15 05:18:12.564 INFO  2. Selectors appeared 
2020-08-15 05:18:13.825 INFO  3. Found and clicked on size 
2020-08-15 05:18:14.942 INFO  4. Scrolled to add button 
2020-08-15 05:18:16.155 INFO  5. Clicked add button 
2020-08-15 05:18:33.197 INFO  6. Logged in 
2020-08-15 05:19:12.710 INFO  1. Page loaded 
2020-08-15 05:19:13.774 INFO  2. Selectors appeared 
2020-08-15 05:19:14.916 INFO  3. Found and clicked on size 
2020-08-15 05:19:16.069 INFO  4. Scrolled to add button 
2020-08-15 05:19:17.268 INFO  5. Clicked add button 
2020-08-15 05:19:34.219 INFO  6. Logged in 
2020-08-15 05:20:09.111 INFO  7. Entered CV 
2020-08-15 05:20:10.158 INFO  9. Submitted Order 
2020-08-15 05:20:49.630 INFO  1. Page loaded 
2020-08-15 05:20:50.733 INFO  2. Selectors appeared 
2020-08-15 05:20:51.912 INFO  3. Found and clicked on size 
2020-08-15 05:20:52.973 INFO  4. Scrolled to add button 
2020-08-15 05:20:54.199 INFO  5. Clicked add button 
2020-08-15 05:21:11.250 INFO  6. Logged in 
2020-08-15 05:21:47.551 INFO  7. Entered CV 
2020-08-15 05:21:48.621 INFO  9. Submitted Order 
